<?xml version="1.0" encoding="UTF-8"?>
<!-- Generated by org.testng.reporters.JUnitReportReporter -->
<testsuite hostname="Krish" name="com.org.learningMaven.HelloWorldTest" tests="1" failures="0" timestamp="3 Aug 2019 11:04:54 GMT" time="1.086" errors="0">
  <testcase name="Login" time="1.086" classname="com.org.learningMaven.HelloWorldTest"/>
</testsuite>
