<?xml version="1.0" encoding="UTF-8"?>
<!-- Generated by org.testng.reporters.JUnitReportReporter -->
<testsuite skipped="0" hostname="Krish" name="com.org.learningMaven.HelloWorldTest" tests="1" failures="0" timestamp="02 Aug 2019 18:00:16 GMT" time="14.653" errors="0">
  <testcase name="Login" time="14.653" classname="com.org.learningMaven.HelloWorldTest"/>
</testsuite> <!-- com.org.learningMaven.HelloWorldTest -->
